<?xml version="1.0" encoding="UTF-8"?>
<TestRun id="5006e7e5-7487-4875-8b9f-6fa1dda08ddd" name="Eddie@EDDIE-PC 2010-02-02 09:00:28" runUser="Eddie-PC\Eddie" xmlns="http://microsoft.com/schemas/VisualStudio/TeamTest/2006">
  <TestRunConfiguration name="Local Test Run" id="e09f29cf-1aa3-4690-9a55-2c755ed976b0">
    <Description>This is a default test run configuration for a local test run.</Description>
    <Deployment runDeploymentRoot="C:\Users\Eddie\Documents\Visual Studio 2008\Projects\capstone_weather_dashboard\TestResults\Eddie_EDDIE-PC 2010-02-02 09_00_28">
      <DeploymentItem filename="C:\Users\Eddie\Documents\Visual Studio 2008\Projects\capstone_weather_dashboard\WeatherStation\bin\Debug\WeatherStation.dll" />
    </Deployment>
    <TestTypeSpecific />
  </TestRunConfiguration>
  <ResultSummary outcome="Completed">
    <Counters total="2" executed="2" passed="2" error="0" failed="0" timeout="0" aborted="0" inconclusive="0" passedButRunAborted="0" notRunnable="0" notExecuted="0" disconnected="0" warning="0" completed="0" inProgress="0" pending="0" />
  </ResultSummary>
  <Times creation="2010-02-02T09:00:28.1805845-05:00" queuing="2010-02-02T09:00:29.0056317-05:00" start="2010-02-02T09:00:29.1376392-05:00" finish="2010-02-02T09:00:29.9706869-05:00" />
  <TestDefinitions>
    <UnitTest name="TestCountyLookup" storage="c:\users\eddie\documents\visual studio 2008\projects\capstone_weather_dashboard\weatherstation.tests\bin\debug\weatherstation.tests.dll" id="641a1298-267e-3756-66ed-f5c31624cf4d">
      <Css projectStructure="" iteration="" />
      <Owners>
        <Owner name="" />
      </Owners>
      <Execution id="7973f72b-5b3b-430e-a63b-2bf7305aa96c" />
      <TestMethod codeBase="C:\Users\Eddie\Documents\Visual Studio 2008\Projects\capstone_weather_dashboard\WeatherStation.Tests\bin\Debug\WeatherStation.Tests.dll" adapterTypeName="Microsoft.VisualStudio.TestTools.TestTypes.Unit.UnitTestAdapter, Microsoft.VisualStudio.QualityTools.Tips.UnitTest.Adapter, Version=9.0.0.0, Culture=neutral, PublicKeyToken=b03f5f7f11d50a3a" className="WeatherStation.Tests.ZipCodeLookupTest, WeatherStation.Tests" name="TestCountyLookup" />
    </UnitTest>
    <UnitTest name="TestStateLookup" storage="c:\users\eddie\documents\visual studio 2008\projects\capstone_weather_dashboard\weatherstation.tests\bin\debug\weatherstation.tests.dll" id="6c208022-c031-46ee-655a-7360582a9092">
      <Css projectStructure="" iteration="" />
      <Owners>
        <Owner name="" />
      </Owners>
      <Execution id="78d31889-6c96-4586-9746-6c4bd307f052" />
      <TestMethod codeBase="C:\Users\Eddie\Documents\Visual Studio 2008\Projects\capstone_weather_dashboard\WeatherStation.Tests\bin\Debug\WeatherStation.Tests.dll" adapterTypeName="Microsoft.VisualStudio.TestTools.TestTypes.Unit.UnitTestAdapter, Microsoft.VisualStudio.QualityTools.Tips.UnitTest.Adapter, Version=9.0.0.0, Culture=neutral, PublicKeyToken=b03f5f7f11d50a3a" className="WeatherStation.Tests.ZipCodeLookupTest, WeatherStation.Tests" name="TestStateLookup" />
    </UnitTest>
  </TestDefinitions>
  <TestLists>
    <TestList name="Results Not in a List" id="8c84fa94-04c1-424b-9868-57a2d4851a1d" />
    <TestList name="All Loaded Results" id="19431567-8539-422a-85d7-44ee4e166bda" />
  </TestLists>
  <TestEntries>
    <TestEntry testId="641a1298-267e-3756-66ed-f5c31624cf4d" executionId="7973f72b-5b3b-430e-a63b-2bf7305aa96c" testListId="8c84fa94-04c1-424b-9868-57a2d4851a1d" />
    <TestEntry testId="6c208022-c031-46ee-655a-7360582a9092" executionId="78d31889-6c96-4586-9746-6c4bd307f052" testListId="8c84fa94-04c1-424b-9868-57a2d4851a1d" />
  </TestEntries>
  <Results>
    <UnitTestResult executionId="7973f72b-5b3b-430e-a63b-2bf7305aa96c" testId="641a1298-267e-3756-66ed-f5c31624cf4d" testName="TestCountyLookup" computerName="EDDIE-PC" duration="00:00:00.1989072" startTime="2010-02-02T09:00:29.1876421-05:00" endTime="2010-02-02T09:00:29.7686753-05:00" testType="13cdc9d9-ddb5-4fa4-a97d-d965ccfc6d4b" outcome="Passed" testListId="8c84fa94-04c1-424b-9868-57a2d4851a1d">
      <Output>
      </Output>
    </UnitTestResult>
    <UnitTestResult executionId="78d31889-6c96-4586-9746-6c4bd307f052" testId="6c208022-c031-46ee-655a-7360582a9092" testName="TestStateLookup" computerName="EDDIE-PC" duration="00:00:00.1384516" startTime="2010-02-02T09:00:29.7726756-05:00" endTime="2010-02-02T09:00:29.9146837-05:00" testType="13cdc9d9-ddb5-4fa4-a97d-d965ccfc6d4b" outcome="Passed" testListId="8c84fa94-04c1-424b-9868-57a2d4851a1d">
      <Output>
      </Output>
    </UnitTestResult>
  </Results>
</TestRun>